{
  "RSpec": {
    "coverage": {
      "/Users/Matthew/Desktop/musicconnection/app/helpers/admin_helper.rb": [
        1,
        null
      ],
      "/Users/Matthew/Desktop/musicconnection/app/helpers/application_helper.rb": [
        1,
        null
      ],
      "/Users/Matthew/Desktop/musicconnection/app/helpers/forms_helper.rb": [
        1,
        null
      ],
      "/Users/Matthew/Desktop/musicconnection/app/helpers/parents_helper.rb": [
        1,
        null
      ],
      "/Users/Matthew/Desktop/musicconnection/app/helpers/teachers_helper.rb": [
        1,
        null
      ],
      "/Users/Matthew/Desktop/musicconnection/app/helpers/tutors_helper.rb": [
        1,
        null
      ],
      "/Users/Matthew/Desktop/musicconnection/app/helpers/welcome_helper.rb": [
        1,
        null
      ],
      "/Users/Matthew/Desktop/musicconnection/app/controllers/forms_controller.rb": [
        1,
        1,
        1,
        null,
        null,
        1,
        null,
        null,
        1,
        null,
        null,
        1,
        1,
        1,
        1,
        null,
        null,
        1,
        1,
        1,
        1,
        1,
        1,
        1,
        1,
        1,
        1,
        1,
        1,
        1,
        1,
        1,
        1,
        1,
        1,
        2,
        1,
        1,
        null,
        1,
        null,
        null,
        1,
        1,
        2,
        2,
        2,
        2,
        null,
        1,
        1,
        1,
        null,
        null,
        null,
        1,
        1,
        null,
        null,
        1,
        1,
        1,
        1,
        1,
        1,
        1,
        1,
        1,
        1,
        1,
        1,
        1,
        1,
        1,
        1,
        null,
        1,
        1,
        1,
        1,
        2,
        1,
        1,
        null,
        1,
        null,
        null,
        1,
        1,
        2,
        2,
        2,
        2,
        null,
        1,
        1,
        1,
        null,
        null,
        null,
        1,
        1,
        null,
        null,
        1,
        1,
        1,
        1,
        1,
        1,
        1,
        1,
        1,
        1,
        1,
        1,
        1,
        1,
        1,
        1,
        1,
        1,
        1,
        1,
        1,
        1,
        1,
        1,
        1,
        1,
        1,
        2,
        1,
        1,
        null,
        1,
        null,
        null,
        1,
        1,
        2,
        2,
        2,
        2,
        null,
        1,
        1,
        1,
        null,
        null,
        null,
        null,
        null,
        null,
        1,
        1,
        null,
        null,
        null
      ],
      "/Users/Matthew/Desktop/musicconnection/app/controllers/application_controller.rb": [
        1,
        null,
        null,
        null,
        1,
        null
      ],
      "/Users/Matthew/Desktop/musicconnection/app/controllers/parents_controller.rb": [
        1,
        1,
        null,
        null,
        null,
        1,
        1,
        null,
        null,
        null,
        null,
        1,
        null,
        null,
        null,
        1,
        0,
        null,
        null,
        null,
        1,
        null,
        null,
        null,
        null,
        null
      ],
      "/Users/Matthew/Desktop/musicconnection/app/controllers/teachers_controller.rb": [
        1,
        1,
        null,
        null,
        null,
        1,
        1,
        null,
        null,
        null,
        null,
        1,
        null,
        null,
        null,
        1,
        0,
        null,
        null,
        null,
        1,
        null,
        null,
        null,
        null,
        null,
        null
      ],
      "/Users/Matthew/Desktop/musicconnection/app/controllers/tutors_controller.rb": [
        1,
        1,
        null,
        null,
        null,
        1,
        1,
        null,
        null,
        null,
        null,
        1,
        null,
        null,
        null,
        1,
        0,
        null,
        null,
        null,
        1,
        null,
        null,
        null,
        null,
        null,
        null
      ],
      "/Users/Matthew/Desktop/musicconnection/app/models/availability.rb": [
        1,
        null
      ],
      "/Users/Matthew/Desktop/musicconnection/app/models/teacher.rb": [
        1,
        null
      ],
      "/Users/Matthew/Desktop/musicconnection/app/models/tutor.rb": [
        1,
        null
      ],
      "/Users/Matthew/Desktop/musicconnection/app/models/parent.rb": [
        1,
        null
      ],
      "/Users/Matthew/Desktop/musicconnection/app/models/match.rb": [
        0,
        0
      ],
      "/Users/Matthew/Desktop/musicconnection/app/models/matcher.rb": [
        0,
        0,
        null,
        0,
        0,
        0,
        0,
        null,
        0,
        0,
        0,
        0,
        0,
        0,
        0,
        0,
        0,
        0,
        0,
        0,
        0,
        0,
        null,
        0,
        0,
        0,
        0,
        0,
        0,
        0,
        0,
        0,
        0,
        0,
        0,
        0,
        0,
        0,
        0,
        0,
        0,
        0,
        0,
        0,
        0,
        0,
        0,
        0,
        0,
        0,
        0,
        0,
        null,
        null,
        0,
        0,
        0
      ],
      "/Users/Matthew/Desktop/musicconnection/app/models/match_record.rb": [
        0,
        null,
        0
      ],
      "/Users/Matthew/Desktop/musicconnection/app/controllers/welcome_controller.rb": [
        0,
        0,
        0,
        0
      ],
      "/Users/Matthew/Desktop/musicconnection/app/controllers/admin_controller.rb": [
        0,
        0,
        0,
        null,
        0,
        0,
        null,
        0,
        0,
        null,
        0,
        0,
        0,
        0,
        0,
        0,
        null,
        0,
        0,
        0,
        0,
        0
      ]
    },
    "timestamp": 1557277367
  }
}
