{
  "RSpec": {
    "coverage": {
      "/Users/scalated/Desktop/root/app/helpers/admin_helper.rb": [
        1,
        null
      ],
      "/Users/scalated/Desktop/root/app/helpers/application_helper.rb": [
        1,
        null
      ],
      "/Users/scalated/Desktop/root/app/helpers/forms_helper.rb": [
        1,
        null
      ],
      "/Users/scalated/Desktop/root/app/helpers/students_helper.rb": [
        1,
        null
      ],
      "/Users/scalated/Desktop/root/app/helpers/teachers_helper.rb": [
        1,
        null
      ],
      "/Users/scalated/Desktop/root/app/helpers/tutors_helper.rb": [
        1,
        null
      ],
      "/Users/scalated/Desktop/root/app/helpers/welcome_helper.rb": [
        1,
        null
      ],
      "/Users/scalated/Desktop/root/app/controllers/hello_world_controller.rb": [
        1,
        1,
        0,
        null,
        null,
        null,
        null
      ],
      "/Users/scalated/Desktop/root/app/controllers/application_controller.rb": [
        1,
        null,
        null,
        null,
        1,
        null
      ],
      "/Users/scalated/Desktop/root/app/models/tutor.rb": [
        0,
        0
      ],
      "/Users/scalated/Desktop/root/app/models/student.rb": [
        0,
        0
      ],
      "/Users/scalated/Desktop/root/app/models/teacher.rb": [
        0,
        0
      ],
      "/Users/scalated/Desktop/root/app/controllers/tutors_controller.rb": [
        0,
        0,
        null,
        null,
        null,
        0,
        0,
        0,
        null,
        null,
        null,
        0,
        0,
        null,
        null,
        0,
        0,
        0,
        null,
        null,
        0,
        0,
        null,
        null,
        null,
        0,
        0,
        null,
        0,
        0,
        0,
        0,
        0,
        0,
        0,
        0,
        0,
        0,
        null,
        null,
        null,
        0,
        0,
        0,
        0,
        0,
        0,
        0,
        0,
        0,
        0,
        0,
        null,
        null,
        null,
        0,
        0,
        0,
        0,
        0,
        0,
        0,
        null,
        0,
        null,
        0,
        0,
        0,
        null,
        null,
        0,
        0,
        0,
        0
      ],
      "/Users/scalated/Desktop/root/app/controllers/students_controller.rb": [
        0,
        0,
        null,
        null,
        null,
        0,
        0,
        0,
        null,
        null,
        null,
        0,
        0,
        null,
        null,
        0,
        0,
        0,
        null,
        null,
        0,
        0,
        null,
        null,
        null,
        0,
        0,
        null,
        0,
        0,
        0,
        0,
        0,
        0,
        0,
        0,
        0,
        0,
        null,
        null,
        null,
        0,
        0,
        0,
        0,
        0,
        0,
        0,
        0,
        0,
        0,
        0,
        null,
        null,
        null,
        0,
        0,
        0,
        0,
        0,
        0,
        0,
        null,
        0,
        null,
        0,
        0,
        0,
        null,
        null,
        0,
        0,
        0,
        0
      ],
      "/Users/scalated/Desktop/root/app/controllers/teachers_controller.rb": [
        0,
        0,
        null,
        null,
        null,
        0,
        0,
        0,
        null,
        null,
        null,
        0,
        0,
        null,
        null,
        0,
        0,
        0,
        null,
        null,
        0,
        0,
        null,
        null,
        null,
        0,
        0,
        null,
        0,
        0,
        0,
        0,
        0,
        0,
        0,
        0,
        0,
        0,
        null,
        null,
        null,
        0,
        0,
        0,
        0,
        0,
        0,
        0,
        0,
        0,
        0,
        0,
        null,
        null,
        null,
        0,
        0,
        0,
        0,
        0,
        0,
        0,
        null,
        0,
        null,
        0,
        0,
        0,
        null,
        null,
        0,
        0,
        0,
        0
      ],
      "/Users/scalated/Desktop/root/app/controllers/welcome_controller.rb": [
        0,
        0,
        0,
        null,
        0,
        0
      ],
      "/Users/scalated/Desktop/root/app/controllers/admin_controller.rb": [
        0,
        0,
        0,
        null,
        0,
        0,
        null,
        0,
        0,
        null,
        0,
        0,
        0
      ],
      "/Users/scalated/Desktop/root/app/controllers/forms_controller.rb": [
        0,
        0,
        0,
        0,
        null,
        0,
        0,
        null,
        0,
        0,
        null,
        0,
        0,
        0,
        0,
        0,
        null,
        0,
        0,
        0,
        0,
        0,
        0,
        0,
        0,
        0,
        0,
        0,
        0,
        0,
        0,
        0,
        0,
        0,
        0,
        0,
        0,
        null,
        0,
        0,
        0,
        0,
        0,
        0,
        0,
        0,
        0,
        0,
        0,
        0,
        0,
        0,
        0,
        0,
        0,
        0,
        0,
        null,
        0,
        0,
        0,
        0,
        0,
        0,
        0,
        0,
        0,
        0,
        0,
        0,
        0,
        0,
        0,
        0,
        0,
        0,
        null,
        0,
        0,
        0,
        0,
        0,
        0,
        0,
        0,
        0,
        0,
        null,
        0
      ]
    },
    "timestamp": 1555886242
  }
}
